> Task :app:preBuild UP-TO-DATE
> Task :app:preDebugBuild UP-TO-DATE
> Task :app:mergeDebugNativeDebugMetadata NO-SOURCE
> Task :app:checkKotlinGradlePluginConfigurationErrors SKIPPED
> Task :app:checkDebugAarMetadata UP-TO-DATE
> Task :app:processDebugNavigationResources UP-TO-DATE
> Task :app:compileDebugNavigationResources UP-TO-DATE
> Task :app:generateDebugResValues UP-TO-DATE
> Task :app:mapDebugSourceSetPaths UP-TO-DATE
> Task :app:generateDebugResources UP-TO-DATE
> Task :app:mergeDebugResources UP-TO-DATE
> Task :app:packageDebugResources UP-TO-DATE
> Task :app:parseDebugLocalResources UP-TO-DATE
> Task :app:createDebugCompatibleScreenManifests UP-TO-DATE
> Task :app:extractDeepLinksDebug UP-TO-DATE
> Task :app:processDebugMainManifest UP-TO-DATE
> Task :app:processDebugManifest UP-TO-DATE
> Task :app:processDebugManifestForPackage UP-TO-DATE
> Task :app:processDebugResources UP-TO-DATE
> Task :app:kspDebugKotlin UP-TO-DATE
> Task :app:javaPreCompileDebug UP-TO-DATE
> Task :app:mergeDebugShaders UP-TO-DATE
> Task :app:compileDebugShaders NO-SOURCE
> Task :app:generateDebugAssets UP-TO-DATE
> Task :app:mergeDebugAssets UP-TO-DATE
> Task :app:compressDebugAssets UP-TO-DATE
> Task :app:checkDebugDuplicateClasses UP-TO-DATE
> Task :app:desugarDebugFileDependencies UP-TO-DATE
> Task :app:mergeExtDexDebug UP-TO-DATE
> Task :app:mergeLibDexDebug UP-TO-DATE
> Task :app:mergeDebugJniLibFolders UP-TO-DATE
> Task :app:mergeDebugNativeLibs UP-TO-DATE
> Task :app:stripDebugDebugSymbols UP-TO-DATE
> Task :app:validateSigningDebug UP-TO-DATE
> Task :app:writeDebugAppMetadata UP-TO-DATE
> Task :app:writeDebugSigningConfigVersions UP-TO-DATE

.\gradlew.bat : e: file
:///C:/Users/Rawen/Stud
ioProjects/playlist/app
/src/main/java/com/rawe
n/playlist/MainActivity
.kt:318:87 Unresolved 
reference 'QueueMusic'.
Au caractère Ligne:1 : 
1
+ .\gradlew.bat 
assembleDebug 2>&1 | 
Out-File -FilePath 
C:\Users\Rawen\ ...
+ ~~~~~~~~~~~~~~~~~~~~~
~~~~~~~~~~~
    + CategoryInfo     
         : NotSpecifi  
  ed: (e: file:///C:   
 /U...e 'QueueMusic    
'.:String) [], Rem    
oteException
    + FullyQualifiedEr 
   rorId : NativeComm  
  andError
 
> Task :app:compileDebugKotlin FAILED
31 actionable tasks: 1 executed, 30 up-to-date
e: file:///C:/Users/Raw
en/StudioProjects/playl
ist/app/src/main/java/c
om/rawen/playlist/ui/Bo
ttomNavBar.kt:33:20 
Argument type 
mismatch: actual type 
is 'androidx.compose.ui
.Modifier', but 'androi
dx.compose.ui.Modifier'
 was expected.
e: file:///C:/Users/Raw
en/StudioProjects/playl
ist/app/src/main/java/c
om/rawen/playlist/ui/Bo
ttomNavBar.kt:34:26 
Argument type 
mismatch: actual type 
is 'androidx.compose.ui
.graphics.Color', but '
androidx.compose.ui.gra
phics.Color' was 
expected.
e: file:///C:/Users/Raw
en/StudioProjects/playl
ist/app/src/main/java/c
om/rawen/playlist/ui/Bo
ttomNavBar.kt:35:24 
Argument type 
mismatch: actual type 
is 'androidx.compose.ui
.graphics.Color', but '
androidx.compose.ui.gra
phics.Color' was 
expected.
e: file:///C:/Users/Raw
en/StudioProjects/playl
ist/app/src/main/java/c
om/rawen/playlist/ui/Bo
ttomNavBar.kt:36:26 
Argument type 
mismatch: actual type 
is 'R', but 'androidx.c
ompose.ui.unit.Dp' was 
expected.
e: file:///C:/Users/Raw
en/StudioProjects/playl
ist/app/src/main/java/c
om/rawen/playlist/ui/Bo
ttomNavBar.kt:36:51 
Unresolved reference 
'dp'.
e: file:///C:/Users/Raw
en/StudioProjects/playl
ist/app/src/main/java/c
om/rawen/playlist/ui/Bo
ttomNavBar.kt:36:54 
Cannot infer type for 
this parameter. Please 
specify it explicitly.
e: file:///C:/Users/Raw
en/StudioProjects/playl
ist/app/src/main/java/c
om/rawen/playlist/ui/Bo
ttomNavBar.kt:36:58 
Cannot infer type for 
this parameter. Please 
specify it explicitly.
e: file:///C:/Users/Raw
en/StudioProjects/playl
ist/app/src/main/java/c
om/rawen/playlist/ui/Bo
ttomNavBar.kt:36:62 
Unresolved reference 
'dp'.
e: file:///C:/Users/Raw
en/StudioProjects/playl
ist/app/src/main/java/c
om/rawen/playlist/ui/Bo
ttomNavBar.kt:37:7 
Argument type 
mismatch: actual type 
is 'kotlin.Function1<an
droidx.compose.foundati
on.layout.RowScope, 
kotlin.Unit>', but 
'@Composable() androidx
.compose.runtime.intern
al.ComposableFunction1<
androidx.compose.founda
tion.layout.RowScope, 
kotlin.Unit>' was 
expected.
e: file:///C:/Users/Raw
en/StudioProjects/playl
ist/app/src/main/java/c
om/rawen/playlist/ui/Bo
ttomNavBar.kt:40:13 
@Composable 
invocations can only 
happen from the 
context of a 
@Composable function
e: file:///C:/Users/Raw
en/StudioProjects/playl
ist/app/src/main/java/c
om/rawen/playlist/ui/Bo
ttomNavBar.kt:55:52 
@Composable 
invocations can only 
happen from the 
context of a 
@Composable function

FAILURE: Build failed 
with an exception.

* What went wrong:
Execution failed for 
task ':app:compileDebug
Kotlin'.
> A failure occurred 
while executing org.jet
brains.kotlin.compilerR
unner.GradleCompilerRun
nerWithWorkers$GradleKo
tlinCompilerWorkAction
   > Compilation 
error. See log for 
more details

* Try:
> Run with 
--stacktrace option to 
get the stack trace.
> Run with --info or 
--debug option to get 
more log output.
> Run with --scan to 
get full insights.
> Get more help at http
s://help.gradle.org.

BUILD FAILED in 28s
